app/build/outputs/mapping/release/mapping.txt
# compiler: R8
# compiler_version: 1.5.69
# min_api: 19
# pg_map_id: 26f3189
...
androidx.core.graphics.TypefaceCompatApi21Impl -> b.e.d.d:
    java.lang.reflect.Method sAddFontWeightStyle -> d
    boolean sHasInitBeenCalled -> f
    java.lang.reflect.Constructor sFontFamilyCtor -> c
    java.lang.reflect.Method sCreateFromFamiliesWithDefault -> e
    java.lang.Class sFontFamily -> b
    boolean addFontWeightStyle(java.lang.Object,java.lang.String,int,boolean) -> a
    android.graphics.Typeface createFromFamiliesWithDefault(java.lang.Object) -> a
    android.graphics.Typeface createFromFontFamilyFilesResourceEntry(android.content.Context,androidx.core.content.res.FontResourcesParserCompat$FontFamilyFilesResourceEntry,android.content.res.Resources,int) -> a
    android.graphics.Typeface createFromFontInfo(android.content.Context,android.os.CancellationSignal,androidx.core.provider.FontsContractCompat$FontInfo[],int) -> a
    java.io.File getFile(android.os.ParcelFileDescriptor) -> a
    void init() -> a
    java.lang.Object newFamily() -> b
androidx.core.graphics.TypefaceCompatApi24Impl -> b.e.d.e:
    java.lang.reflect.Method sAddFontWeightStyle -> d
    java.lang.reflect.Constructor sFontFamilyCtor -> c
    java.lang.reflect.Method sCreateFromFamiliesWithDefault -> e
    java.lang.Class sFontFamily -> b
    boolean addFontWeightStyle(java.lang.Object,java.nio.ByteBuffer,int,int,boolean) -> a
    android.graphics.Typeface createFromFamiliesWithDefault(java.lang.Object) -> a
    android.graphics.Typeface createFromFontFamilyFilesResourceEntry(android.content.Context,androidx.core.content.res.FontResourcesParserCompat$FontFamilyFilesResourceEntry,android.content.res.Resources,int) -> a
    android.graphics.Typeface createFromFontInfo(android.content.Context,android.os.CancellationSignal,androidx.core.provider.FontsContractCompat$FontInfo[],int) -> a
    boolean isUsable() -> a
    java.lang.Object newFamily() -> b
androidx.core.graphics.TypefaceCompatApi26Impl -> b.e.d.f:
    java.lang.reflect.Method mFreeze -> k
    java.lang.reflect.Method mAbortCreation -> l
    java.lang.reflect.Method mCreateFromFamiliesWithDefault -> m
    java.lang.Class mFontFamily -> g
    java.lang.reflect.Constructor mFontFamilyCtor -> h
    java.lang.reflect.Method mAddFontFromAssetManager -> i
    java.lang.reflect.Method mAddFontFromBuffer -> j
    boolean addFontFromAssetManager(android.content.Context,java.lang.Object,java.lang.String,int,int,int,android.graphics.fonts.FontVariationAxis[]) -> a
    boolean addFontFromBuffer(java.lang.Object,java.nio.ByteBuffer,int,int,int) -> a
    android.graphics.Typeface createFromFamiliesWithDefault(java.lang.Object) -> a
    android.graphics.Typeface createFromFontFamilyFilesResourceEntry(android.content.Context,androidx.core.content.res.FontResourcesParserCompat$FontFamilyFilesResourceEntry,android.content.res.Resources,int) -> a
    android.graphics.Typeface createFromFontInfo(android.content.Context,android.os.CancellationSignal,androidx.core.provider.FontsContractCompat$FontInfo[],int) -> a
    android.graphics.Typeface createFromResourcesFontFile(android.content.Context,android.content.res.Resources,int,java.lang.String,int) -> a
    java.lang.reflect.Method obtainAbortCreationMethod(java.lang.Class) -> a
    java.lang.Class obtainFontFamily() -> a
    void abortCreation(java.lang.Object) -> b
    boolean isFontFamilyPrivateAPIAvailable() -> b
androidx.core.graphics.TypefaceCompatApi28Impl -> b.e.d.g:
    android.graphics.Typeface createFromFamiliesWithDefault(java.lang.Object) -> a
    java.lang.reflect.Method obtainCreateFromFamiliesWithDefaultMethod(java.lang.Class) -> d